#
# A fatal error has been detected by the Java Runtime Environment:
#
#  SIGSEGV (0xb) at pc=0x0000000111748e9f, pid=8580, tid=17411
#
# JRE version: Java(TM) SE Runtime Environment 18.9 (11.0.8+10) (build 11.0.8+10-LTS)
# Java VM: Java HotSpot(TM) 64-Bit Server VM 18.9 (11.0.8+10-LTS, mixed mode, tiered, compressed oops, parallel gc, bsd-amd64)
# Problematic frame:
# V  [libjvm.dylib+0x548e9f]  _ZNK4Node2inEj+0xf
#
# No core dump will be written. Core dumps have been disabled. To enable core dumping, try "ulimit -c unlimited" before starting Java again
#
# If you would like to submit a bug report, please visit:
#   https://bugreport.java.com/bugreport/crash.jsp
#

---------------  S U M M A R Y ------------

Command Line: --add-modules=ALL-SYSTEM --add-opens=java.base/java.util=ALL-UNNAMED --add-opens=java.base/java.lang=ALL-UNNAMED -Declipse.application=org.eclipse.jdt.ls.core.id1 -Dosgi.bundles.defaultStartLevel=4 -Declipse.product=org.eclipse.jdt.ls.core.product -Dfile.encoding=utf8 -XX:+UseParallelGC -XX:GCTimeRatio=4 -XX:AdaptiveSizePolicyWeight=90 -Dsun.zip.disableMemoryMapping=true -Xmx1G -Xms100m -Xverify:none /Users/weidongwang/.vscode/extensions/redhat.java-0.65.0/server/plugins/org.eclipse.equinox.launcher_1.5.700.v20200207-2156.jar -configuration /Users/weidongwang/Library/Application Support/Code/User/globalStorage/redhat.java/0.65.0/config_mac -data /Users/weidongwang/Library/Application Support/Code/User/workspaceStorage/341c7d39eca26e5d01742ce3702b4779/redhat.java/jdt_ws

Host: MacBookPro15,1 x86_64 2200 MHz, 12 cores, 16G, Darwin 19.6.0
Time: Wed Aug 12 15:40:53 2020 EDT elapsed time: 171427 seconds (1d 23h 37m 7s)

---------------  T H R E A D  ---------------

Current thread (0x00007fb729809800):  JavaThread "C2 CompilerThread0" daemon [_thread_in_native, id=17411, stack(0x0000700006ec2000,0x0000700006fc2000)]


Current CompileTask:
C2:171427991 39224 %s!   4       org.eclipse.debug.core.sourcelookup.containers.ExternalArchiveSourceContainer::searchRoots @ 103 (420 bytes)

Stack: [0x0000700006ec2000,0x0000700006fc2000],  sp=0x0000700006fbe940,  free space=1010k
Native frames: (J=compiled Java code, A=aot compiled Java code, j=interpreted, Vv=VM code, C=native code)
V  [libjvm.dylib+0x548e9f]  _ZNK4Node2inEj+0xf
V  [libjvm.dylib+0x558e16]  _ZNK14PhaseIdealLoop14idom_no_updateEj+0x36
V  [libjvm.dylib+0x558daf]  _ZNK14PhaseIdealLoop4idomEj+0x1f
V  [libjvm.dylib+0x5620e7]  _ZN13IdealLoopTree13check_safeptsER9VectorSetR9Node_List+0x187
V  [libjvm.dylib+0x561f8f]  _ZN13IdealLoopTree13check_safeptsER9VectorSetR9Node_List+0x2f
V  [libjvm.dylib+0x563427]  _ZN14PhaseIdealLoop18build_and_optimizeE12LoopOptsMode+0x3f9
V  [libjvm.dylib+0x22062d]  _ZN7Compile8OptimizeEv+0x585
V  [libjvm.dylib+0x21f3f5]  _ZN7CompileC2EP5ciEnvP10C2CompilerP8ciMethodibbbP12DirectiveSet+0x853
V  [libjvm.dylib+0x19e014]  _ZN10C2Compiler14compile_methodEP5ciEnvP8ciMethodiP12DirectiveSet+0xb6
V  [libjvm.dylib+0x22bfbb]  _ZN13CompileBroker25invoke_compiler_on_methodEP11CompileTask+0x5b9
V  [libjvm.dylib+0x22b883]  _ZN13CompileBroker20compiler_thread_loopEv+0x1ab
V  [libjvm.dylib+0x733412]  _ZN10JavaThread17thread_main_innerEv+0x82
V  [libjvm.dylib+0x73325d]  _ZN10JavaThread3runEv+0x1a3
V  [libjvm.dylib+0x731068]  _ZN6Thread8call_runEv+0x60
V  [libjvm.dylib+0x635e47]  _ZL19thread_native_entryP6Thread+0x139
C  [libsystem_pthread.dylib+0x6109]  _pthread_start+0x94
C  [libsystem_pthread.dylib+0x1b8b]  thread_start+0xf


siginfo: si_signo: 11 (SIGSEGV), si_code: 1 (SEGV_MAPERR), si_addr: 0x0000000000000008

Register to memory mapping:

RAX=0x0 is NULL
RBX=0x00007fb728a0e910 points into unknown readable memory: 40 ce b0 11 01 00 00 00
RCX=0x000000000000048e is an unknown value
RDX=0x00007fb728a35a10 points into unknown readable memory: 60 d1 b0 11 01 00 00 00
RSP=0x0000700006fbe940 is pointing into the stack for thread: 0x00007fb729809800
RBP=0x0000700006fbe940 is pointing into the stack for thread: 0x00007fb729809800
RSI=0x0 is NULL
RDI=0x0 is NULL
R8 =0x0000000000000020 is an unknown value
R9 =0x00000000000007e1 is an unknown value
R10=0x00007fb73337e000 points into unknown readable memory: 00 00 00 00 00 00 00 00
R11=0x0 is NULL
R12=0x00007fb734d36470 points into unknown readable memory: 10 b8 0c 34 b7 7f 00 00
R13=0x0000000000000096 is an unknown value
R14=0x00007fb718490cd8 points into unknown readable memory: d0 63 d3 34 b7 7f 00 00
R15=0x0000700006fbed60 is pointing into the stack for thread: 0x00007fb729809800


Registers:
RAX=0x0000000000000000, RBX=0x00007fb728a0e910, RCX=0x000000000000048e, RDX=0x00007fb728a35a10
RSP=0x0000700006fbe940, RBP=0x0000700006fbe940, RSI=0x0000000000000000, RDI=0x0000000000000000
R8 =0x0000000000000020, R9 =0x00000000000007e1, R10=0x00007fb73337e000, R11=0x0000000000000000
R12=0x00007fb734d36470, R13=0x0000000000000096, R14=0x00007fb718490cd8, R15=0x0000700006fbed60
RIP=0x0000000111748e9f, EFLAGS=0x0000000000010246, ERR=0x0000000000000004
  TRAPNO=0x000000000000000e

Top of Stack: (sp=0x0000700006fbe940)
0x0000700006fbe940:   0000700006fbe970 0000000111758e16
0x0000700006fbe950:   0000700006fbee00 0000000000000000
0x0000700006fbe960:   0000048e06fbe990 0000700006fbee00
0x0000700006fbe970:   0000700006fbe9a0 0000000111758daf
0x0000700006fbe980:   0000700006fbee00 0000700006fbee00
0x0000700006fbe990:   0000048e28a35a10 0000700006fbee00
0x0000700006fbe9a0:   0000700006fbe9f0 00000001117620e7
0x0000700006fbe9b0:   0000000000000100 0000700006fbea50
0x0000700006fbe9c0:   0000000000000000 0000700006fbea50
0x0000700006fbe9d0:   00007fb7340cb810 0000700006fbee20
0x0000700006fbe9e0:   0000000000000003 0000700006fbed60
0x0000700006fbe9f0:   0000700006fbea40 0000000111761f8f
0x0000700006fbea00:   00007fb72aef4210 00007fb72870bda0
0x0000700006fbea10:   0000000000000020 00000000000000a8
0x0000700006fbea20:   0000700006fbee10 0000700006fbee20
0x0000700006fbea30:   0000000000000003 0000700006fbee00
0x0000700006fbea40:   0000700006fbedf0 0000000111763427
0x0000700006fbea50:   00007fb72870bda0 00007fff00000004
0x0000700006fbea60:   00007fb728f5f7f0 0000000000000000
0x0000700006fbea70:   0000000003000001 0000000000000100
0x0000700006fbea80:   0000700006fbeb10 00007fff68214f43
0x0000700006fbea90:   0000000000000000 0000000000000000
0x0000700006fbeaa0:   0000000000000003 0000000000000007
0x0000700006fbeab0:   0000000000000001 0000000000000000
0x0000700006fbeac0:   0000000000000000 0000000000011000
0x0000700006fbead0:   0000700000000000 00007fb718432000
0x0000700006fbeae0:   000000002870bda0 0000000000022000
0x0000700006fbeaf0:   0000000000022000 0000000000000000
0x0000700006fbeb00:   0000000000011000 000000010f8ce000
0x0000700006fbeb10:   0000700006fbeb80 00007fff6821558a
0x0000700006fbeb20:   00007fff8e7af000 0000000000011000
0x0000700006fbeb30:   000000002a8bb200 0000000000011000 

Instructions: (pc=0x0000000111748e9f)
0x0000000111748e7f:   83 c4 30 5d c3 66 66 66 2e 0f 1f 84 00 00 00 00
0x0000000111748e8f:   00 55 48 89 e5 48 89 7d f8 89 75 f4 48 8b 7d f8
0x0000000111748e9f:   48 8b 7f 08 8b 75 f4 89 f0 48 8b 04 c7 5d c3 66
0x0000000111748eaf:   90 55 48 89 e5 48 83 ec 20 48 89 7d f8 48 8b 7d 

Stack slot to memory mapping:
stack at sp + 0 slots: 0x0000700006fbe970 is pointing into the stack for thread: 0x00007fb729809800
stack at sp + 1 slots: 0x0000000111758e16: _ZNK14PhaseIdealLoop14idom_no_updateEj+0x36 in /Library/Java/JavaVirtualMachines/jdk-11.0.8.jdk/Contents/Home/lib/server/libjvm.dylib at 0x0000000111200000
stack at sp + 2 slots: 0x0000700006fbee00 is pointing into the stack for thread: 0x00007fb729809800
stack at sp + 3 slots: 0x0 is NULL
stack at sp + 4 slots: 0x0000048e06fbe990 is an unknown value
stack at sp + 5 slots: 0x0000700006fbee00 is pointing into the stack for thread: 0x00007fb729809800
stack at sp + 6 slots: 0x0000700006fbe9a0 is pointing into the stack for thread: 0x00007fb729809800
stack at sp + 7 slots: 0x0000000111758daf: _ZNK14PhaseIdealLoop4idomEj+0x1f in /Library/Java/JavaVirtualMachines/jdk-11.0.8.jdk/Contents/Home/lib/server/libjvm.dylib at 0x0000000111200000


---------------  P R O C E S S  ---------------

Threads class SMR info:
_java_thread_list=0x00007fb728632430, length=51, elements={
0x00007fb72880d000, 0x00007fb729012000, 0x00007fb72d80c800, 0x00007fb72c81a800,
0x00007fb729809800, 0x00007fb72901d000, 0x00007fb72a877000, 0x00007fb72c009000,
0x00007fb73085c800, 0x00007fb730887800, 0x00007fb72c833000, 0x00007fb72c065000,
0x00007fb72c0be800, 0x00007fb731012800, 0x00007fb72d915800, 0x00007fb730895000,
0x00007fb72da0e800, 0x00007fb72a970800, 0x00007fb728ddc800, 0x00007fb728b70000,
0x00007fb729e9a800, 0x00007fb73431f000, 0x00007fb728e29800, 0x00007fb7345ee000,
0x00007fb728dd4000, 0x00007fb735d54000, 0x00007fb7296c5800, 0x00007fb72bc37000,
0x00007fb728853800, 0x00007fb734168800, 0x00007fb72bf0a800, 0x00007fb728f21800,
0x00007fb72c8b7000, 0x00007fb73429e800, 0x00007fb728fbb000, 0x00007fb735cb6000,
0x00007fb736647000, 0x00007fb729d0b000, 0x00007fb728850000, 0x00007fb735b06000,
0x00007fb734a9a800, 0x00007fb7348a4800, 0x00007fb734e4c800, 0x00007fb7344cb800,
0x00007fb72be50000, 0x00007fb73490a800, 0x00007fb735ec8800, 0x00007fb728f20000,
0x00007fb735c0e800, 0x00007fb728ec8000, 0x00007fb72bc32000
}

Java Threads: ( => current thread )
  0x00007fb72880d000 JavaThread "main" [_thread_blocked, id=9987, stack(0x00007000067aa000,0x00007000068aa000)]
  0x00007fb729012000 JavaThread "Reference Handler" daemon [_thread_blocked, id=19971, stack(0x0000700006ab3000,0x0000700006bb3000)]
  0x00007fb72d80c800 JavaThread "Finalizer" daemon [_thread_blocked, id=12803, stack(0x0000700006bb6000,0x0000700006cb6000)]
  0x00007fb72c81a800 JavaThread "Signal Dispatcher" daemon [_thread_blocked, id=17667, stack(0x0000700006dbf000,0x0000700006ebf000)]
=>0x00007fb729809800 JavaThread "C2 CompilerThread0" daemon [_thread_in_native, id=17411, stack(0x0000700006ec2000,0x0000700006fc2000)]
  0x00007fb72901d000 JavaThread "C1 CompilerThread0" daemon [_thread_blocked, id=15107, stack(0x0000700006fc5000,0x00007000070c5000)]
  0x00007fb72a877000 JavaThread "Sweeper thread" daemon [_thread_blocked, id=15363, stack(0x00007000070c8000,0x00007000071c8000)]
  0x00007fb72c009000 JavaThread "Common-Cleaner" daemon [_thread_blocked, id=16643, stack(0x00007000071cb000,0x00007000072cb000)]
  0x00007fb73085c800 JavaThread "Service Thread" daemon [_thread_blocked, id=21763, stack(0x00007000072ce000,0x00007000073ce000)]
  0x00007fb730887800 JavaThread "Active Thread: Equinox Container: bfe86fda-7988-4665-b65f-156e4a4311aa" [_thread_blocked, id=23811, stack(0x0000700007701000,0x0000700007801000)]
  0x00007fb72c833000 JavaThread "Framework Event Dispatcher: Equinox Container: bfe86fda-7988-4665-b65f-156e4a4311aa" daemon [_thread_blocked, id=42507, stack(0x00007000074fb000,0x00007000075fb000)]
  0x00007fb72c065000 JavaThread "Start Level: Equinox Container: bfe86fda-7988-4665-b65f-156e4a4311aa" daemon [_thread_blocked, id=22795, stack(0x00007000075fe000,0x00007000076fe000)]
  0x00007fb72c0be800 JavaThread "Worker-JM" [_thread_blocked, id=85771, stack(0x0000700007b90000,0x0000700007c90000)]
  0x00007fb731012800 JavaThread "Java indexing" daemon [_thread_blocked, id=46083, stack(0x00007000085ae000,0x00007000086ae000)]
  0x00007fb72d915800 JavaThread "pool-2-thread-1" [_thread_blocked, id=83223, stack(0x00007000084ab000,0x00007000085ab000)]
  0x00007fb730895000 JavaThread "pool-1-thread-1" [_thread_in_native, id=81931, stack(0x00007000086b1000,0x00007000087b1000)]
  0x00007fb72da0e800 JavaThread "Bundle File Closer" daemon [_thread_blocked, id=80387, stack(0x0000700008abd000,0x0000700008bbd000)]
  0x00007fb72a970800 JavaThread "Java Debug Server" daemon [_thread_in_native, id=49675, stack(0x00007000087b4000,0x00007000088b4000)]
  0x00007fb728ddc800 JavaThread "RxSchedulerPurge-1" daemon [_thread_blocked, id=38411, stack(0x0000700008bc0000,0x0000700008cc0000)]
  0x00007fb728b70000 JavaThread "RxCachedWorkerPoolEvictor-1" daemon [_thread_blocked, id=79883, stack(0x0000700008cc3000,0x0000700008dc3000)]
  0x00007fb729e9a800 JavaThread "process reaper" daemon [_thread_blocked, id=64731, stack(0x0000700006cb9000,0x0000700006cdd000)]
  0x00007fb73431f000 JavaThread "Worker-496" [_thread_blocked, id=130203, stack(0x0000700007c93000,0x0000700007d93000)]
  0x00007fb728e29800 JavaThread "Worker-497" [_thread_blocked, id=44087, stack(0x0000700007d96000,0x0000700007e96000)]
  0x00007fb7345ee000 JavaThread "pool-3-thread-4" [_thread_blocked, id=66427, stack(0x00007000089ba000,0x0000700008aba000)]
  0x00007fb728dd4000 JavaThread "ForkJoinPool.commonPool-worker-21" daemon [_thread_blocked, id=85367, stack(0x00007000092d5000,0x00007000093d5000)]
  0x00007fb735d54000 JavaThread "ForkJoinPool.commonPool-worker-7" daemon [_thread_blocked, id=57587, stack(0x00007000088b7000,0x00007000089b7000)]
  0x00007fb7296c5800 JavaThread "Worker-498" [_thread_blocked, id=51995, stack(0x00007000094db000,0x00007000095db000)]
  0x00007fb72bc37000 JavaThread "Worker-499" [_thread_blocked, id=63767, stack(0x00007000093d8000,0x00007000094d8000)]
  0x00007fb728853800 JavaThread "ForkJoinPool.commonPool-worker-11" daemon [_thread_blocked, id=70763, stack(0x00007000096e1000,0x00007000097e1000)]
  0x00007fb734168800 JavaThread "ForkJoinPool.commonPool-worker-29" daemon [_thread_blocked, id=60207, stack(0x00007000098e7000,0x00007000099e7000)]
  0x00007fb72bf0a800 JavaThread "ForkJoinPool.commonPool-worker-15" daemon [_thread_blocked, id=69963, stack(0x00007000099ea000,0x0000700009aea000)]
  0x00007fb728f21800 JavaThread "ForkJoinPool.commonPool-worker-1" daemon [_thread_blocked, id=18987, stack(0x0000700009aed000,0x0000700009bed000)]
  0x00007fb72c8b7000 JavaThread "ForkJoinPool.commonPool-worker-19" daemon [_thread_blocked, id=64887, stack(0x0000700009bf0000,0x0000700009cf0000)]
  0x00007fb73429e800 JavaThread "ForkJoinPool.commonPool-worker-5" daemon [_thread_blocked, id=90323, stack(0x0000700009cf3000,0x0000700009df3000)]
  0x00007fb728fbb000 JavaThread "ForkJoinPool.commonPool-worker-23" daemon [_thread_blocked, id=58407, stack(0x0000700009df6000,0x0000700009ef6000)]
  0x00007fb735cb6000 JavaThread "ForkJoinPool.commonPool-worker-9" daemon [_thread_blocked, id=73511, stack(0x0000700009ef9000,0x0000700009ff9000)]
  0x00007fb736647000 JavaThread "ForkJoinPool.commonPool-worker-27" daemon [_thread_blocked, id=62575, stack(0x0000700009ffc000,0x000070000a0fc000)]
  0x00007fb729d0b000 JavaThread "Worker-500" [_thread_blocked, id=18831, stack(0x000070000a0ff000,0x000070000a1ff000)]
  0x00007fb728850000 JavaThread "Worker-501" [_thread_blocked, id=72267, stack(0x000070000a60e000,0x000070000a70e000)]
  0x00007fb735b06000 JavaThread "pool-1040-thread-1" [_thread_blocked, id=68627, stack(0x000070000a917000,0x000070000aa17000)]
  0x00007fb734a9a800 JavaThread "pool-1041-thread-1" [_thread_blocked, id=55767, stack(0x000070000aa1a000,0x000070000ab1a000)]
  0x00007fb7348a4800 JavaThread "pool-1042-thread-1" [_thread_blocked, id=88323, stack(0x000070000ab1d000,0x000070000ac1d000)]
  0x00007fb734e4c800 JavaThread "pool-3-thread-5" [_thread_in_native, id=58175, stack(0x00007000095de000,0x00007000096de000)]
  0x00007fb7344cb800 JavaThread "RxNewThreadScheduler-13" daemon [_thread_in_Java, id=54579, stack(0x00007000097e4000,0x00007000098e4000)]
  0x00007fb72be50000 JavaThread "process reaper" daemon [_thread_in_native, id=54035, stack(0x0000700006ce0000,0x0000700006d04000)]
  0x00007fb73490a800 JavaThread "Packet Receive Manager" daemon [_thread_in_native, id=49375, stack(0x000070000ac20000,0x000070000ad20000)]
  0x00007fb735ec8800 JavaThread "Packet Send Manager" daemon [_thread_blocked, id=89679, stack(0x000070000ad23000,0x000070000ae23000)]
  0x00007fb728f20000 JavaThread "Debuggee Stdout Handler" daemon [_thread_in_native, id=57091, stack(0x000070000ae26000,0x000070000af26000)]
  0x00007fb735c0e800 JavaThread "Debuggee Stderr Handler" daemon [_thread_in_native, id=50643, stack(0x000070000af29000,0x000070000b029000)]
  0x00007fb728ec8000 JavaThread "Event Hub" daemon [_thread_blocked, id=65119, stack(0x000070000b02c000,0x000070000b12c000)]
  0x00007fb72bc32000 JavaThread "RxNewThreadScheduler-14" daemon [_thread_blocked, id=59775, stack(0x000070000b12f000,0x000070000b22f000)]

Other Threads:
  0x00007fb728809000 VMThread "VM Thread" [stack: 0x00007000069b0000,0x0000700006ab0000] [id=12035]
  0x00007fb730008800 WatcherThread [stack: 0x00007000073d1000,0x00007000074d1000] [id=22019]
  0x00007fb72b012800 GCTaskThread "ParGC Thread#0" [stack: 0x00007000068ad000,0x00007000069ad000] [id=21251]
  0x00007fb72886f800 GCTaskThread "ParGC Thread#1" [stack: 0x0000700007887000,0x0000700007987000] [id=32519]
  0x00007fb72984c800 GCTaskThread "ParGC Thread#2" [stack: 0x000070000798a000,0x0000700007a8a000] [id=32003]
  0x00007fb72984d000 GCTaskThread "ParGC Thread#3" [stack: 0x0000700007a8d000,0x0000700007b8d000] [id=43523]
  0x00007fb72a971800 GCTaskThread "ParGC Thread#4" [stack: 0x0000700007e99000,0x0000700007f99000] [id=44291]
  0x00007fb72b970800 GCTaskThread "ParGC Thread#5" [stack: 0x0000700007f9c000,0x000070000809c000] [id=84483]
  0x00007fb72b960800 GCTaskThread "ParGC Thread#6" [stack: 0x000070000809f000,0x000070000819f000] [id=45059]
  0x00007fb72b95a800 GCTaskThread "ParGC Thread#7" [stack: 0x00007000081a2000,0x00007000082a2000] [id=45315]
  0x00007fb72b17c000 GCTaskThread "ParGC Thread#8" [stack: 0x00007000082a5000,0x00007000083a5000] [id=45571]
  0x00007fb72b95b800 GCTaskThread "ParGC Thread#9" [stack: 0x00007000083a8000,0x00007000084a8000] [id=83459]

Threads with active compile tasks:
C2 CompilerThread0171428002 39224 %s!   4       org.eclipse.debug.core.sourcelookup.containers.ExternalArchiveSourceContainer::searchRoots @ 103 (420 bytes)

VM state:not at safepoint (normal execution)

VM Mutex/Monitor currently owned by a thread: None

Heap address: 0x00000007c0000000, size: 1024 MB, Compressed Oops mode: Zero based, Oop shift amount: 3
Narrow klass base: 0x0000000800000000, Narrow klass shift: 0
Compressed class space size: 1073741824 Address: 0x0000000800000000

Heap:
 PSYoungGen      total 9728K, used 4942K [0x00000007eab00000, 0x00000007eb900000, 0x0000000800000000)
  eden space 5120K, 17% used [0x00000007eab00000,0x00000007eabe3ba8,0x00000007eb000000)
  from space 4608K, 89% used [0x00000007eb080000,0x00000007eb4815a0,0x00000007eb500000)
  to   space 4096K, 0% used [0x00000007eb500000,0x00000007eb500000,0x00000007eb900000)
 ParOldGen       total 338432K, used 328450K [0x00000007c0000000, 0x00000007d4a80000, 0x00000007eab00000)
  object space 338432K, 97% used [0x00000007c0000000,0x00000007d40c0ba8,0x00000007d4a80000)
 Metaspace       used 99073K, capacity 103002K, committed 103296K, reserved 1142784K
  class space    used 8619K, capacity 10111K, committed 10112K, reserved 1048576K

Card table byte_map: [0x000000011219a000,0x000000011239b000] _byte_map_base: 0x000000010e39a000

Marking Bits: (ParMarkBitMap*) 0x0000000111b8e500
 Begin Bits: [0x0000000129adb000, 0x000000012aadb000)
 End Bits:   [0x000000012aadb000, 0x000000012badb000)

Polling page: 0x000000010f945000

Metaspace:

Usage:
  Non-class:     90.71 MB capacity,    88.33 MB ( 97%) used,     2.17 MB (  2%) free+waste,   218.38 KB ( <1%) overhead. 
      Class:      9.87 MB capacity,     8.42 MB ( 85%) used,     1.37 MB ( 14%) free+waste,    86.62 KB ( <1%) overhead. 
       Both:    100.59 MB capacity,    96.75 MB ( 96%) used,     3.54 MB (  4%) free+waste,   305.00 KB ( <1%) overhead. 

Virtual space:
  Non-class space:       92.00 MB reserved,      91.00 MB ( 99%) committed 
      Class space:        1.00 GB reserved,       9.88 MB ( <1%) committed 
             Both:        1.09 GB reserved,     100.88 MB (  9%) committed 

Chunk freelists:
   Non-Class:  31.12 KB
       Class:  128 bytes
        Both:  31.25 KB

CodeHeap 'non-profiled nmethods': size=120032Kb used=35976Kb max_used=36814Kb free=84055Kb
 bounds [0x000000012244d000, 0x000000012489d000, 0x0000000129985000]
CodeHeap 'profiled nmethods': size=120028Kb used=55763Kb max_used=55950Kb free=64264Kb
 bounds [0x000000011af16000, 0x000000011e676000, 0x000000012244d000]
CodeHeap 'non-nmethods': size=5700Kb used=1346Kb max_used=1428Kb free=4353Kb
 bounds [0x000000011a985000, 0x000000011abf5000, 0x000000011af16000]
 total_blobs=24836 nmethods=24079 adapters=665
 compilation: enabled
              stopped_count=0, restarted_count=0
 full_count=0

Compilation events (10 events):
Event: 171427.802 Thread 0x00007fb729809800 nmethod 39222 0x0000000123b89410 code [0x0000000123b89660, 0x0000000123b8b3f0]
Event: 171427.954 Thread 0x00007fb72901d000 39223       1       org.eclipse.jdi.internal.ReferenceTypeImpl::getRefTypeID (5 bytes)
Event: 171427.955 Thread 0x00007fb72901d000 nmethod 39223 0x0000000123a89190 code [0x0000000123a89320, 0x0000000123a89430]
Event: 171427.962 Thread 0x00007fb729809800 39224 %s!   4       org.eclipse.debug.core.sourcelookup.containers.ExternalArchiveSourceContainer::searchRoots @ 103 (420 bytes)
Event: 171427.966 Thread 0x00007fb72901d000 39225  s    3       org.eclipse.debug.core.sourcelookup.containers.CompositeSourceContainer::getSourceContainers (57 bytes)
Event: 171427.967 Thread 0x00007fb72901d000 nmethod 39225 0x000000011d2eab10 code [0x000000011d2eace0, 0x000000011d2eb378]
Event: 171427.967 Thread 0x00007fb72901d000 39226       3       org.eclipse.debug.core.sourcelookup.containers.CompositeSourceContainer::<init> (5 bytes)
Event: 171427.967 Thread 0x00007fb72901d000 nmethod 39226 0x000000011d1b5d90 code [0x000000011d1b5f40, 0x000000011d1b61b0]
Event: 171427.967 Thread 0x00007fb72901d000 39227       3       org.eclipse.debug.core.sourcelookup.containers.ContainerSourceContainer::createSourceContainers (155 bytes)
Event: 171427.968 Thread 0x00007fb72901d000 nmethod 39227 0x000000011dc52290 code [0x000000011dc52540, 0x000000011dc53a18]

GC Heap History (10 events):
Event: 171426.566 GC heap before
{Heap before GC invocations=28763 (full 549):
 PSYoungGen      total 13824K, used 13814K [0x00000007eab00000, 0x00000007ec280000, 0x0000000800000000)
  eden space 10752K, 100% used [0x00000007eab00000,0x00000007eb580000,0x00000007eb580000)
  from space 3072K, 99% used [0x00000007eb600000,0x00000007eb8fdb50,0x00000007eb900000)
  to   space 6656K, 0% used [0x00000007ebc00000,0x00000007ebc00000,0x00000007ec280000)
 ParOldGen       total 338432K, used 321347K [0x00000007c0000000, 0x00000007d4a80000, 0x00000007eab00000)
  object space 338432K, 94% used [0x00000007c0000000,0x00000007d39d0f50,0x00000007d4a80000)
 Metaspace       used 99071K, capacity 103002K, committed 103296K, reserved 1142784K
  class space    used 8619K, capacity 10111K, committed 10112K, reserved 1048576K
}
Event: 171426.571 GC heap after
{Heap after GC invocations=28763 (full 549):
 PSYoungGen      total 9728K, used 6645K [0x00000007eab00000, 0x00000007ed180000, 0x0000000800000000)
  eden space 3072K, 0% used [0x00000007eab00000,0x00000007eab00000,0x00000007eae00000)
  from space 6656K, 99% used [0x00000007ebc00000,0x00000007ec27d560,0x00000007ec280000)
  to   space 14336K, 0% used [0x00000007eae00000,0x00000007eae00000,0x00000007ebc00000)
 ParOldGen       total 338432K, used 327537K [0x00000007c0000000, 0x00000007d4a80000, 0x00000007eab00000)
  object space 338432K, 96% used [0x00000007c0000000,0x00000007d3fdc4d8,0x00000007d4a80000)
 Metaspace       used 99071K, capacity 103002K, committed 103296K, reserved 1142784K
  class space    used 8619K, capacity 10111K, committed 10112K, reserved 1048576K
}
Event: 171426.577 GC heap before
{Heap before GC invocations=28764 (full 549):
 PSYoungGen      total 9728K, used 9671K [0x00000007eab00000, 0x00000007ed180000, 0x0000000800000000)
  eden space 3072K, 98% used [0x00000007eab00000,0x00000007eadf4840,0x00000007eae00000)
  from space 6656K, 99% used [0x00000007ebc00000,0x00000007ec27d560,0x00000007ec280000)
  to   space 14336K, 0% used [0x00000007eae00000,0x00000007eae00000,0x00000007ebc00000)
 ParOldGen       total 338432K, used 327537K [0x00000007c0000000, 0x00000007d4a80000, 0x00000007eab00000)
  object space 338432K, 96% used [0x00000007c0000000,0x00000007d3fdc4d8,0x00000007d4a80000)
 Metaspace       used 99071K, capacity 103002K, committed 103296K, reserved 1142784K
  class space    used 8619K, capacity 10111K, committed 10112K, reserved 1048576K
}
Event: 171426.579 GC heap after
{Heap after GC invocations=28764 (full 549):
 PSYoungGen      total 12288K, used 8904K [0x00000007eab00000, 0x00000007ec380000, 0x0000000800000000)
  eden space 3072K, 0% used [0x00000007eab00000,0x00000007eab00000,0x00000007eae00000)
  from space 9216K, 96% used [0x00000007eae00000,0x00000007eb6b2190,0x00000007eb700000)
  to   space 10752K, 0% used [0x00000007eb900000,0x00000007eb900000,0x00000007ec380000)
 ParOldGen       total 338432K, used 328450K [0x00000007c0000000, 0x00000007d4a80000, 0x00000007eab00000)
  object space 338432K, 97% used [0x00000007c0000000,0x00000007d40c0ba8,0x00000007d4a80000)
 Metaspace       used 99071K, capacity 103002K, committed 103296K, reserved 1142784K
  class space    used 8619K, capacity 10111K, committed 10112K, reserved 1048576K
}
Event: 171426.589 GC heap before
{Heap before GC invocations=28765 (full 549):
 PSYoungGen      total 12288K, used 11950K [0x00000007eab00000, 0x00000007ec380000, 0x0000000800000000)
  eden space 3072K, 99% used [0x00000007eab00000,0x00000007eadf9880,0x00000007eae00000)
  from space 9216K, 96% used [0x00000007eae00000,0x00000007eb6b2190,0x00000007eb700000)
  to   space 10752K, 0% used [0x00000007eb900000,0x00000007eb900000,0x00000007ec380000)
 ParOldGen       total 338432K, used 328450K [0x00000007c0000000, 0x00000007d4a80000, 0x00000007eab00000)
  object space 338432K, 97% used [0x00000007c0000000,0x00000007d40c0ba8,0x00000007d4a80000)
 Metaspace       used 99071K, capacity 103002K, committed 103296K, reserved 1142784K
  class space    used 8619K, capacity 10111K, committed 10112K, reserved 1048576K
}
Event: 171426.590 GC heap after
{Heap after GC invocations=28765 (full 549):
 PSYoungGen      total 7168K, used 3264K [0x00000007eab00000, 0x00000007ebc80000, 0x0000000800000000)
  eden space 3584K, 0% used [0x00000007eab00000,0x00000007eab00000,0x00000007eae80000)
  from space 3584K, 91% used [0x00000007eb900000,0x00000007ebc30000,0x00000007ebc80000)
  to   space 5632K, 0% used [0x00000007eb180000,0x00000007eb180000,0x00000007eb700000)
 ParOldGen       total 338432K, used 328450K [0x00000007c0000000, 0x00000007d4a80000, 0x00000007eab00000)
  object space 338432K, 97% used [0x00000007c0000000,0x00000007d40c0ba8,0x00000007d4a80000)
 Metaspace       used 99071K, capacity 103002K, committed 103296K, reserved 1142784K
  class space    used 8619K, capacity 10111K, committed 10112K, reserved 1048576K
}
Event: 171427.959 GC heap before
{Heap before GC invocations=28766 (full 549):
 PSYoungGen      total 7168K, used 6848K [0x00000007eab00000, 0x00000007ebc80000, 0x0000000800000000)
  eden space 3584K, 100% used [0x00000007eab00000,0x00000007eae80000,0x00000007eae80000)
  from space 3584K, 91% used [0x00000007eb900000,0x00000007ebc30000,0x00000007ebc80000)
  to   space 5632K, 0% used [0x00000007eb180000,0x00000007eb180000,0x00000007eb700000)
 ParOldGen       total 338432K, used 328450K [0x00000007c0000000, 0x00000007d4a80000, 0x00000007eab00000)
  object space 338432K, 97% used [0x00000007c0000000,0x00000007d40c0ba8,0x00000007d4a80000)
 Metaspace       used 99071K, capacity 103002K, committed 103296K, reserved 1142784K
  class space    used 8619K, capacity 10111K, committed 10112K, reserved 1048576K
}
Event: 171427.961 GC heap after
{Heap after GC invocations=28766 (full 549):
 PSYoungGen      total 8192K, used 3712K [0x00000007eab00000, 0x00000007eb980000, 0x0000000800000000)
  eden space 4096K, 0% used [0x00000007eab00000,0x00000007eab00000,0x00000007eaf00000)
  from space 4096K, 90% used [0x00000007eb180000,0x00000007eb520010,0x00000007eb580000)
  to   space 4096K, 0% used [0x00000007eb580000,0x00000007eb580000,0x00000007eb980000)
 ParOldGen       total 338432K, used 328450K [0x00000007c0000000, 0x00000007d4a80000, 0x00000007eab00000)
  object space 338432K, 97% used [0x00000007c0000000,0x00000007d40c0ba8,0x00000007d4a80000)
 Metaspace       used 99071K, capacity 103002K, committed 103296K, reserved 1142784K
  class space    used 8619K, capacity 10111K, committed 10112K, reserved 1048576K
}
Event: 171427.976 GC heap before
{Heap before GC invocations=28767 (full 549):
 PSYoungGen      total 8192K, used 7808K [0x00000007eab00000, 0x00000007eb980000, 0x0000000800000000)
  eden space 4096K, 100% used [0x00000007eab00000,0x00000007eaf00000,0x00000007eaf00000)
  from space 4096K, 90% used [0x00000007eb180000,0x00000007eb520010,0x00000007eb580000)
  to   space 4096K, 0% used [0x00000007eb580000,0x00000007eb580000,0x00000007eb980000)
 ParOldGen       total 338432K, used 328450K [0x00000007c0000000, 0x00000007d4a80000, 0x00000007eab00000)
  object space 338432K, 97% used [0x00000007c0000000,0x00000007d40c0ba8,0x00000007d4a80000)
 Metaspace       used 99073K, capacity 103002K, committed 103296K, reserved 1142784K
  class space    used 8619K, capacity 10111K, committed 10112K, reserved 1048576K
}
Event: 171427.979 GC heap after
{Heap after GC invocations=28767 (full 549):
 PSYoungGen      total 8704K, used 4056K [0x00000007eab00000, 0x00000007eb980000, 0x0000000800000000)
  eden space 4608K, 0% used [0x00000007eab00000,0x00000007eab00000,0x00000007eaf80000)
  from space 4096K, 99% used [0x00000007eb580000,0x00000007eb976248,0x00000007eb980000)
  to   space 4608K, 0% used [0x00000007eb080000,0x00000007eb080000,0x00000007eb500000)
 ParOldGen       total 338432K, used 328450K [0x00000007c0000000, 0x00000007d4a80000, 0x00000007eab00000)
  object space 338432K, 97% used [0x00000007c0000000,0x00000007d40c0ba8,0x00000007d4a80000)
 Metaspace       used 99073K, capacity 103002K, committed 103296K, reserved 1142784K
  class space    used 8619K, capacity 10111K, committed 10112K, reserved 1048576K
}

Deoptimization events (10 events):
Event: 171400.666 Thread 0x00007fb734a97000 Uncommon trap: reason=unstable_if action=reinterpret pc=0x00000001224e34b4 method=java.io.DataInputStream.readInt()I @ 41 c2
Event: 171400.668 Thread 0x00007fb735b0d000 Uncommon trap: reason=unstable_if action=reinterpret pc=0x0000000122998c4c method=org.eclipse.jdi.internal.connect.SocketConnection.isOpen()Z @ 4 c2
Event: 171400.668 Thread 0x00007fb735b0d000 Uncommon trap: reason=unstable_if action=reinterpret pc=0x00000001243560a0 method=org.eclipse.jdi.internal.connect.SocketConnection.isOpen()Z @ 4 c2
Event: 171400.669 Thread 0x00007fb735b0d000 Uncommon trap: reason=class_check action=maybe_recompile pc=0x0000000122c0d634 method=java.util.Collections$SetFromMap.remove(Ljava/lang/Object;)Z @ 5 c2
Event: 171410.143 Thread 0x00007fb736647000 Uncommon trap: reason=intrinsic_or_type_checked_inlining action=make_not_entrant pc=0x00000001248793d4 method=org.eclipse.jdt.internal.compiler.lookup.BoundSet.incorporate(Lorg/eclipse/jdt/internal/compiler/lookup/InferenceContext18;[Lorg/eclipse/jdt/inte
Event: 171410.169 Thread 0x00007fb736647000 Uncommon trap: reason=unstable_if action=reinterpret pc=0x00000001247c203c method=org.eclipse.jdt.internal.compiler.ast.TypeDeclaration.resolve()V @ 564 c2
Event: 171411.029 Thread 0x00007fb731012800 Uncommon trap: reason=class_check action=maybe_recompile pc=0x0000000123d618fc method=org.eclipse.jdt.internal.compiler.SourceElementParser.getUnspecifiedReference(Z)Lorg/eclipse/jdt/internal/compiler/ast/NameReference; @ 158 c2
Event: 171411.910 Thread 0x00007fb736647000 Uncommon trap: reason=class_check action=maybe_recompile pc=0x00000001231c20e8 method=org.eclipse.jdt.internal.core.AbstractClassFile.getPath()Lorg/eclipse/core/runtime/IPath; @ 6 c2
Event: 171413.849 Thread 0x00007fb7344cb800 Uncommon trap: reason=bimorphic_or_optimized_type_check action=maybe_recompile pc=0x000000012294d418 method=java.util.Collections$SetFromMap.add(Ljava/lang/Object;)Z @ 8 c2
Event: 171418.966 Thread 0x00007fb728ec8000 Uncommon trap: reason=class_check action=maybe_recompile pc=0x0000000123cdfe20 method=java.util.concurrent.CompletableFuture$UniAccept.tryFire(I)Ljava/util/concurrent/CompletableFuture; @ 105 c2

Classes redefined (0 events):
No events

Internal exceptions (10 events):
Event: 171427.969 Thread 0x00007fb7344cb800 Exception <a 'sun/nio/fs/UnixException'{0x00000007eadaba30}> (0x00000007eadaba30) thrown at [./open/src/hotspot/share/prims/jni.cpp, line 611]
Event: 171427.969 Thread 0x00007fb7344cb800 Exception <a 'sun/nio/fs/UnixException'{0x00000007eadad818}> (0x00000007eadad818) thrown at [./open/src/hotspot/share/prims/jni.cpp, line 611]
Event: 171427.970 Thread 0x00007fb7344cb800 Exception <a 'sun/nio/fs/UnixException'{0x00000007eadf6708}> (0x00000007eadf6708) thrown at [./open/src/hotspot/share/prims/jni.cpp, line 611]
Event: 171427.970 Thread 0x00007fb7344cb800 Exception <a 'sun/nio/fs/UnixException'{0x00000007eadf7e40}> (0x00000007eadf7e40) thrown at [./open/src/hotspot/share/prims/jni.cpp, line 611]
Event: 171427.973 Thread 0x00007fb7344cb800 Exception <a 'sun/nio/fs/UnixException'{0x00000007eae764e8}> (0x00000007eae764e8) thrown at [./open/src/hotspot/share/prims/jni.cpp, line 611]
Event: 171427.973 Thread 0x00007fb7344cb800 Exception <a 'sun/nio/fs/UnixException'{0x00000007eae77c98}> (0x00000007eae77c98) thrown at [./open/src/hotspot/share/prims/jni.cpp, line 611]
Event: 171427.979 Thread 0x00007fb7344cb800 Exception <a 'sun/nio/fs/UnixException'{0x00000007eab08050}> (0x00000007eab08050) thrown at [./open/src/hotspot/share/prims/jni.cpp, line 611]
Event: 171427.979 Thread 0x00007fb7344cb800 Exception <a 'sun/nio/fs/UnixException'{0x00000007eab098e8}> (0x00000007eab098e8) thrown at [./open/src/hotspot/share/prims/jni.cpp, line 611]
Event: 171427.981 Thread 0x00007fb7344cb800 Exception <a 'sun/nio/fs/UnixException'{0x00000007eab89ed8}> (0x00000007eab89ed8) thrown at [./open/src/hotspot/share/prims/jni.cpp, line 611]
Event: 171427.981 Thread 0x00007fb7344cb800 Exception <a 'sun/nio/fs/UnixException'{0x00000007eab8b7e8}> (0x00000007eab8b7e8) thrown at [./open/src/hotspot/share/prims/jni.cpp, line 611]

Events (10 events):
Event: 171427.958 Executing VM operation: RevokeBias
Event: 171427.959 Executing VM operation: RevokeBias done
Event: 171427.959 Executing VM operation: ParallelGCFailedAllocation
Event: 171427.961 Executing VM operation: ParallelGCFailedAllocation done
Event: 171427.975 Executing VM operation: RevokeBias
Event: 171427.975 Executing VM operation: RevokeBias done
Event: 171427.976 Executing VM operation: ParallelGCFailedAllocation
Event: 171427.979 Executing VM operation: ParallelGCFailedAllocation done
Event: 171427.983 Executing VM operation: RevokeBias
Event: 171427.983 Executing VM operation: RevokeBias done


Dynamic libraries:
0x00007fff2d0c3000 	/System/Library/Frameworks/Cocoa.framework/Versions/A/Cocoa
0x00007fff3a8b8000 	/System/Library/Frameworks/Security.framework/Versions/A/Security
0x00007fff2c028000 	/System/Library/Frameworks/ApplicationServices.framework/Versions/A/ApplicationServices
0x00007fff67574000 	/usr/lib/libz.1.dylib
0x000000010f8d1000 	/Library/Java/JavaVirtualMachines/jdk-11.0.8.jdk/Contents/Home/lib/jli/libjli.dylib
0x00007fff65038000 	/usr/lib/libSystem.B.dylib
0x00007fff2b218000 	/System/Library/Frameworks/AppKit.framework/Versions/C/AppKit
0x00007fff2da47000 	/System/Library/Frameworks/CoreData.framework/Versions/A/CoreData
0x00007fff30622000 	/System/Library/Frameworks/Foundation.framework/Versions/C/Foundation
0x00007fff5f04e000 	/System/Library/PrivateFrameworks/UIFoundation.framework/Versions/A/UIFoundation
0x00007fff5a0e2000 	/System/Library/PrivateFrameworks/RemoteViewServices.framework/Versions/A/RemoteViewServices
0x00007fff61ba8000 	/System/Library/PrivateFrameworks/XCTTargetBootstrap.framework/Versions/A/XCTTargetBootstrap
0x00007fff2de32000 	/System/Library/Frameworks/CoreDisplay.framework/Versions/A/CoreDisplay
0x00007fff334dc000 	/System/Library/Frameworks/Metal.framework/Versions/A/Metal
0x00007fff480cf000 	/System/Library/PrivateFrameworks/DesktopServicesPriv.framework/Versions/A/DesktopServicesPriv
0x00007fff66173000 	/usr/lib/liblangid.dylib
0x00007fff47364000 	/System/Library/PrivateFrameworks/CoreSVG.framework/Versions/A/CoreSVG
0x00007fff5d23e000 	/System/Library/PrivateFrameworks/SkyLight.framework/Versions/A/SkyLight
0x00007fff2e3e6000 	/System/Library/Frameworks/CoreGraphics.framework/Versions/A/CoreGraphics
0x00007fff29bec000 	/System/Library/Frameworks/Accelerate.framework/Versions/A/Accelerate
0x00007fff67465000 	/usr/lib/libxml2.2.dylib
0x00007fff5306d000 	/System/Library/PrivateFrameworks/IconServices.framework/Versions/A/IconServices
0x00007fff30e01000 	/System/Library/Frameworks/IOSurface.framework/Versions/A/IOSurface
0x00007fff64b62000 	/usr/lib/libDiagnosticMessagesClient.dylib
0x00007fff47f29000 	/System/Library/PrivateFrameworks/DFRFoundation.framework/Versions/A/DFRFoundation
0x00007fff65f02000 	/usr/lib/libicucore.A.dylib
0x00007fff2c35a000 	/System/Library/Frameworks/AudioToolbox.framework/Versions/A/AudioToolbox
0x00007fff2c43d000 	/System/Library/Frameworks/AudioUnit.framework/Versions/A/AudioUnit
0x00007fff6523a000 	/usr/lib/libauto.dylib
0x00007fff47fcb000 	/System/Library/PrivateFrameworks/DataDetectorsCore.framework/Versions/A/DataDetectorsCore
0x00007fff2cbe4000 	/System/Library/Frameworks/Carbon.framework/Versions/A/Frameworks/HIToolbox.framework/Versions/A/HIToolbox
0x00007fff39ab4000 	/System/Library/Frameworks/QuartzCore.framework/Versions/A/QuartzCore
0x00007fff2cf23000 	/System/Library/Frameworks/Carbon.framework/Versions/A/Frameworks/SpeechRecognition.framework/Versions/A/SpeechRecognition
0x00007fff47a3d000 	/System/Library/PrivateFrameworks/CoreUI.framework/Versions/A/CoreUI
0x00007fff2d4b2000 	/System/Library/Frameworks/CoreAudio.framework/Versions/A/CoreAudio
0x00007fff302e1000 	/System/Library/Frameworks/DiskArbitration.framework/Versions/A/DiskArbitration
0x00007fff550bd000 	/System/Library/PrivateFrameworks/MultitouchSupport.framework/Versions/A/MultitouchSupport
0x00007fff65dc9000 	/usr/lib/libenergytrace.dylib
0x00007fff30d5b000 	/System/Library/Frameworks/IOKit.framework/Versions/A/IOKit
0x00007fff2f34d000 	/System/Library/Frameworks/CoreServices.framework/Versions/A/CoreServices
0x00007fff57275000 	/System/Library/PrivateFrameworks/PerformanceAnalysis.framework/Versions/A/PerformanceAnalysis
0x00007fff38ae7000 	/System/Library/Frameworks/OpenGL.framework/Versions/A/OpenGL
0x00007fff66e98000 	/usr/lib/libobjc.A.dylib
0x00007fff2d0d1000 	/System/Library/Frameworks/ColorSync.framework/Versions/A/ColorSync
0x00007fff2df65000 	/System/Library/Frameworks/CoreFoundation.framework/Versions/A/CoreFoundation
0x00007fff2ea69000 	/System/Library/Frameworks/CoreImage.framework/Versions/A/CoreImage
0x00007fff2fdc0000 	/System/Library/Frameworks/CoreText.framework/Versions/A/CoreText
0x00007fff30e91000 	/System/Library/Frameworks/ImageIO.framework/Versions/A/ImageIO
0x00007fff6531e000 	/usr/lib/libc++.1.dylib
0x00007fff6539a000 	/usr/lib/libcompression.dylib
0x00007fff64ea6000 	/usr/lib/libMobileGestalt.dylib
0x00007fff5edb8000 	/System/Library/PrivateFrameworks/TextureIO.framework/Versions/A/TextureIO
0x00007fff6519d000 	/usr/lib/libate.dylib
0x00007fff53276000 	/System/Library/PrivateFrameworks/InternationalSupport.framework/Versions/A/InternationalSupport
0x00007fff67e35000 	/usr/lib/system/libcache.dylib
0x00007fff67e3b000 	/usr/lib/system/libcommonCrypto.dylib
0x00007fff67e47000 	/usr/lib/system/libcompiler_rt.dylib
0x00007fff67e4f000 	/usr/lib/system/libcopyfile.dylib
0x00007fff67e59000 	/usr/lib/system/libcorecrypto.dylib
0x00007fff67ff8000 	/usr/lib/system/libdispatch.dylib
0x00007fff68039000 	/usr/lib/system/libdyld.dylib
0x00007fff68070000 	/usr/lib/system/libkeymgr.dylib
0x00007fff6807e000 	/usr/lib/system/liblaunch.dylib
0x00007fff6807f000 	/usr/lib/system/libmacho.dylib
0x00007fff68085000 	/usr/lib/system/libquarantine.dylib
0x00007fff68088000 	/usr/lib/system/libremovefile.dylib
0x00007fff6808a000 	/usr/lib/system/libsystem_asl.dylib
0x00007fff680a2000 	/usr/lib/system/libsystem_blocks.dylib
0x00007fff680a3000 	/usr/lib/system/libsystem_c.dylib
0x00007fff6812b000 	/usr/lib/system/libsystem_configuration.dylib
0x00007fff6812f000 	/usr/lib/system/libsystem_coreservices.dylib
0x00007fff68133000 	/usr/lib/system/libsystem_darwin.dylib
0x00007fff6813c000 	/usr/lib/system/libsystem_dnssd.dylib
0x00007fff68144000 	/usr/lib/system/libsystem_featureflags.dylib
0x00007fff68146000 	/usr/lib/system/libsystem_info.dylib
0x00007fff681c1000 	/usr/lib/system/libsystem_m.dylib
0x00007fff68209000 	/usr/lib/system/libsystem_malloc.dylib
0x00007fff68231000 	/usr/lib/system/libsystem_networkextension.dylib
0x00007fff6823f000 	/usr/lib/system/libsystem_notify.dylib
0x00007fff6825d000 	/usr/lib/system/libsystem_sandbox.dylib
0x00007fff68262000 	/usr/lib/system/libsystem_secinit.dylib
0x00007fff68194000 	/usr/lib/system/libsystem_kernel.dylib
0x00007fff68249000 	/usr/lib/system/libsystem_platform.dylib
0x00007fff68252000 	/usr/lib/system/libsystem_pthread.dylib
0x00007fff68265000 	/usr/lib/system/libsystem_symptoms.dylib
0x00007fff6826d000 	/usr/lib/system/libsystem_trace.dylib
0x00007fff68285000 	/usr/lib/system/libunwind.dylib
0x00007fff6828b000 	/usr/lib/system/libxpc.dylib
0x00007fff65371000 	/usr/lib/libc++abi.dylib
0x00007fff66175000 	/usr/lib/liblzma.5.dylib
0x00007fff65df0000 	/usr/lib/libfakelink.dylib
0x00007fff6512a000 	/usr/lib/libarchive.2.dylib
0x00007fff3b969000 	/System/Library/Frameworks/SystemConfiguration.framework/Versions/A/SystemConfiguration
0x00007fff64a95000 	/usr/lib/libCRFSuite.dylib
0x00007fff2c7d4000 	/System/Library/Frameworks/CFNetwork.framework/Versions/A/CFNetwork
0x00007fff65300000 	/usr/lib/libbsm.0.dylib
0x00007fff68071000 	/usr/lib/system/libkxld.dylib
0x00007fff418a6000 	/System/Library/PrivateFrameworks/AppleFSCompression.framework/Versions/A/AppleFSCompression
0x00007fff6568b000 	/usr/lib/libcoretls.dylib
0x00007fff656a2000 	/usr/lib/libcoretls_cfhelpers.dylib
0x00007fff66ede000 	/usr/lib/libpam.2.dylib
0x00007fff67013000 	/usr/lib/libsqlite3.dylib
0x00007fff67452000 	/usr/lib/libxar.1.dylib
0x00007fff65311000 	/usr/lib/libbz2.1.0.dylib
0x00007fff65e11000 	/usr/lib/libiconv.2.dylib
0x00007fff65387000 	/usr/lib/libcharset.1.dylib
0x00007fff6697b000 	/usr/lib/libnetwork.dylib
0x00007fff66ee5000 	/usr/lib/libpcap.A.dylib
0x00007fff650df000 	/usr/lib/libapple_nghttp2.dylib
0x00007fff2f704000 	/System/Library/Frameworks/CoreServices.framework/Versions/A/Frameworks/FSEvents.framework/Versions/A/FSEvents
0x00007fff2f3d4000 	/System/Library/Frameworks/CoreServices.framework/Versions/A/Frameworks/CarbonCore.framework/Versions/A/CarbonCore
0x00007fff2f948000 	/System/Library/Frameworks/CoreServices.framework/Versions/A/Frameworks/Metadata.framework/Versions/A/Metadata
0x00007fff2f9e1000 	/System/Library/Frameworks/CoreServices.framework/Versions/A/Frameworks/OSServices.framework/Versions/A/OSServices
0x00007fff2fa0f000 	/System/Library/Frameworks/CoreServices.framework/Versions/A/Frameworks/SearchKit.framework/Versions/A/SearchKit
0x00007fff2f34e000 	/System/Library/Frameworks/CoreServices.framework/Versions/A/Frameworks/AE.framework/Versions/A/AE
0x00007fff2f70d000 	/System/Library/Frameworks/CoreServices.framework/Versions/A/Frameworks/LaunchServices.framework/Versions/A/LaunchServices
0x00007fff2f6b6000 	/System/Library/Frameworks/CoreServices.framework/Versions/A/Frameworks/DictionaryServices.framework/Versions/A/DictionaryServices
0x00007fff2fa77000 	/System/Library/Frameworks/CoreServices.framework/Versions/A/Frameworks/SharedFileList.framework/Versions/A/SharedFileList
0x00007fff34906000 	/System/Library/Frameworks/NetFS.framework/Versions/A/NetFS
0x00007fff555ed000 	/System/Library/PrivateFrameworks/NetAuth.framework/Versions/A/NetAuth
0x00007fff61f75000 	/System/Library/PrivateFrameworks/login.framework/Versions/A/Frameworks/loginsupport.framework/Versions/A/loginsupport
0x00007fff5e883000 	/System/Library/PrivateFrameworks/TCC.framework/Versions/A/TCC
0x00007fff464d7000 	/System/Library/PrivateFrameworks/CoreNLP.framework/Versions/A/CoreNLP
0x00007fff54aea000 	/System/Library/PrivateFrameworks/MetadataUtilities.framework/Versions/A/MetadataUtilities
0x00007fff6624d000 	/usr/lib/libmecabra.dylib
0x00007fff661a5000 	/usr/lib/libmecab.dylib
0x00007fff65e01000 	/usr/lib/libgermantok.dylib
0x00007fff650c6000 	/usr/lib/libThaiTokenizer.dylib
0x00007fff64acc000 	/usr/lib/libChineseTokenizer.dylib
0x00007fff29c04000 	/System/Library/Frameworks/Accelerate.framework/Versions/A/Frameworks/vImage.framework/Versions/A/vImage
0x00007fff2b06e000 	/System/Library/Frameworks/Accelerate.framework/Versions/A/Frameworks/vecLib.framework/Versions/A/vecLib
0x00007fff2afab000 	/System/Library/Frameworks/Accelerate.framework/Versions/A/Frameworks/vecLib.framework/Versions/A/libvMisc.dylib
0x00007fff2add3000 	/System/Library/Frameworks/Accelerate.framework/Versions/A/Frameworks/vecLib.framework/Versions/A/libvDSP.dylib
0x00007fff2a25b000 	/System/Library/Frameworks/Accelerate.framework/Versions/A/Frameworks/vecLib.framework/Versions/A/libBLAS.dylib
0x00007fff2a997000 	/System/Library/Frameworks/Accelerate.framework/Versions/A/Frameworks/vecLib.framework/Versions/A/libLAPACK.dylib
0x00007fff2ad33000 	/System/Library/Frameworks/Accelerate.framework/Versions/A/Frameworks/vecLib.framework/Versions/A/libLinearAlgebra.dylib
0x00007fff2adc0000 	/System/Library/Frameworks/Accelerate.framework/Versions/A/Frameworks/vecLib.framework/Versions/A/libSparseBLAS.dylib
0x00007fff2ad49000 	/System/Library/Frameworks/Accelerate.framework/Versions/A/Frameworks/vecLib.framework/Versions/A/libQuadrature.dylib
0x00007fff2a4c3000 	/System/Library/Frameworks/Accelerate.framework/Versions/A/Frameworks/vecLib.framework/Versions/A/libBNNS.dylib
0x00007fff2ad4f000 	/System/Library/Frameworks/Accelerate.framework/Versions/A/Frameworks/vecLib.framework/Versions/A/libSparse.dylib
0x00007fff5365e000 	/System/Library/PrivateFrameworks/LanguageModeling.framework/Versions/A/LanguageModeling
0x00007fff45e87000 	/System/Library/PrivateFrameworks/CoreEmoji.framework/Versions/A/CoreEmoji
0x00007fff5377c000 	/System/Library/PrivateFrameworks/LinguisticData.framework/Versions/A/LinguisticData
0x00007fff5372d000 	/System/Library/PrivateFrameworks/Lexicon.framework/Versions/A/Lexicon
0x00007fff65388000 	/usr/lib/libcmph.dylib
0x00007fff374f5000 	/System/Library/Frameworks/OpenDirectory.framework/Versions/A/Frameworks/CFOpenDirectory.framework/Versions/A/CFOpenDirectory
0x00007fff37512000 	/System/Library/Frameworks/OpenDirectory.framework/Versions/A/OpenDirectory
0x00007fff3f953000 	/System/Library/PrivateFrameworks/APFS.framework/Versions/A/APFS
0x00007fff3ac02000 	/System/Library/Frameworks/SecurityFoundation.framework/Versions/A/SecurityFoundation
0x00007fff6744e000 	/usr/lib/libutil.dylib
0x00007fff473bc000 	/System/Library/PrivateFrameworks/CoreServicesStore.framework/Versions/A/CoreServicesStore
0x00007fff3acb9000 	/System/Library/Frameworks/ServiceManagement.framework/Versions/A/ServiceManagement
0x00007fff43076000 	/System/Library/PrivateFrameworks/BackgroundTaskManagement.framework/Versions/A/BackgroundTaskManagement
0x00007fff6754b000 	/usr/lib/libxslt.1.dylib
0x00007fff41f19000 	/System/Library/PrivateFrameworks/AppleSystemInfo.framework/Versions/A/AppleSystemInfo
0x00007fff310ac000 	/System/Library/Frameworks/ImageIO.framework/Versions/A/Resources/libJPEG.dylib
0x00007fff3136a000 	/System/Library/Frameworks/ImageIO.framework/Versions/A/Resources/libTIFF.dylib
0x00007fff3134d000 	/System/Library/Frameworks/ImageIO.framework/Versions/A/Resources/libPng.dylib
0x00007fff30fee000 	/System/Library/Frameworks/ImageIO.framework/Versions/A/Resources/libGIF.dylib
0x00007fff30ff2000 	/System/Library/Frameworks/ImageIO.framework/Versions/A/Resources/libJP2.dylib
0x00007fff31368000 	/System/Library/Frameworks/ImageIO.framework/Versions/A/Resources/libRadiance.dylib
0x00007fff65dca000 	/usr/lib/libexpat.1.dylib
0x00007fff41a01000 	/System/Library/PrivateFrameworks/AppleJPEG.framework/Versions/A/AppleJPEG
0x00007fff4a6d2000 	/System/Library/PrivateFrameworks/FontServices.framework/libFontParser.dylib
0x00007fff60f77000 	/System/Library/PrivateFrameworks/WatchdogClient.framework/Versions/A/WatchdogClient
0x00007fff52cb9000 	/System/Library/PrivateFrameworks/IOAccelerator.framework/Versions/A/IOAccelerator
0x00007fff33877000 	/System/Library/Frameworks/MetalPerformanceShaders.framework/Versions/A/MetalPerformanceShaders
0x00007fff4f44f000 	/System/Library/PrivateFrameworks/GPUWrangler.framework/Versions/A/GPUWrangler
0x00007fff52cce000 	/System/Library/PrivateFrameworks/IOPresentment.framework/Versions/A/IOPresentment
0x00007fff47f3c000 	/System/Library/PrivateFrameworks/DSExternalDisplay.framework/Versions/A/DSExternalDisplay
0x00007fff37e86000 	/System/Library/Frameworks/OpenGL.framework/Versions/A/Libraries/libCoreFSCache.dylib
0x00007fff335c3000 	/System/Library/Frameworks/MetalPerformanceShaders.framework/Frameworks/MPSCore.framework/Versions/A/MPSCore
0x00007fff33601000 	/System/Library/Frameworks/MetalPerformanceShaders.framework/Frameworks/MPSImage.framework/Versions/A/MPSImage
0x00007fff336c8000 	/System/Library/Frameworks/MetalPerformanceShaders.framework/Frameworks/MPSNeuralNetwork.framework/Versions/A/MPSNeuralNetwork
0x00007fff3368c000 	/System/Library/Frameworks/MetalPerformanceShaders.framework/Frameworks/MPSMatrix.framework/Versions/A/MPSMatrix
0x00007fff33827000 	/System/Library/Frameworks/MetalPerformanceShaders.framework/Frameworks/MPSRayIntersector.framework/Versions/A/MPSRayIntersector
0x00007fff336b2000 	/System/Library/Frameworks/MetalPerformanceShaders.framework/Frameworks/MPSNDArray.framework/Versions/A/MPSNDArray
0x00007fff54b37000 	/System/Library/PrivateFrameworks/MetalTools.framework/Versions/A/MetalTools
0x00007fff40b2d000 	/System/Library/PrivateFrameworks/AggregateDictionary.framework/Versions/A/AggregateDictionary
0x00007fff458cf000 	/System/Library/PrivateFrameworks/CoreAnalytics.framework/Versions/A/CoreAnalytics
0x00007fff41e38000 	/System/Library/PrivateFrameworks/AppleSauce.framework/Versions/A/AppleSauce
0x00007fff64d88000 	/usr/lib/libIOReport.dylib
0x00007fff2ff78000 	/System/Library/Frameworks/CoreVideo.framework/Versions/A/CoreVideo
0x00007fff508c8000 	/System/Library/PrivateFrameworks/GraphVisualizer.framework/Versions/A/GraphVisualizer
0x00007fff49c18000 	/System/Library/PrivateFrameworks/FaceCore.framework/Versions/A/FaceCore
0x00007fff3749c000 	/System/Library/Frameworks/OpenCL.framework/Versions/A/OpenCL
0x00007fff64baa000 	/usr/lib/libFosl_dynamic.dylib
0x00007fff5600d000 	/System/Library/PrivateFrameworks/OTSVG.framework/Versions/A/OTSVG
0x00007fff2c12d000 	/System/Library/Frameworks/ApplicationServices.framework/Versions/A/Frameworks/ATS.framework/Versions/A/Resources/libFontRegistry.dylib
0x00007fff4a8a3000 	/System/Library/PrivateFrameworks/FontServices.framework/libhvf.dylib
0x00007fff37e91000 	/System/Library/Frameworks/OpenGL.framework/Versions/A/Libraries/libGFXShared.dylib
0x00007fff3806f000 	/System/Library/Frameworks/OpenGL.framework/Versions/A/Libraries/libGLU.dylib
0x00007fff37e9a000 	/System/Library/Frameworks/OpenGL.framework/Versions/A/Libraries/libGL.dylib
0x00007fff37ea5000 	/System/Library/Frameworks/OpenGL.framework/Versions/A/Libraries/libGLImage.dylib
0x00007fff37e83000 	/System/Library/Frameworks/OpenGL.framework/Versions/A/Libraries/libCVMSPluginSupport.dylib
0x00007fff37e8c000 	/System/Library/Frameworks/OpenGL.framework/Versions/A/Libraries/libCoreVMClient.dylib
0x00007fff6681c000 	/usr/lib/libncurses.5.4.dylib
0x00007fff2c029000 	/System/Library/Frameworks/ApplicationServices.framework/Versions/A/Frameworks/ATS.framework/Versions/A/ATS
0x00007fff2c1f6000 	/System/Library/Frameworks/ApplicationServices.framework/Versions/A/Frameworks/ColorSyncLegacy.framework/Versions/A/ColorSyncLegacy
0x00007fff2c294000 	/System/Library/Frameworks/ApplicationServices.framework/Versions/A/Frameworks/HIServices.framework/Versions/A/HIServices
0x00007fff2c2ec000 	/System/Library/Frameworks/ApplicationServices.framework/Versions/A/Frameworks/LangAnalysis.framework/Versions/A/LangAnalysis
0x00007fff2c2fb000 	/System/Library/Frameworks/ApplicationServices.framework/Versions/A/Frameworks/PrintCore.framework/Versions/A/PrintCore
0x00007fff2c341000 	/System/Library/Frameworks/ApplicationServices.framework/Versions/A/Frameworks/QD.framework/Versions/A/QD
0x00007fff2c34c000 	/System/Library/Frameworks/ApplicationServices.framework/Versions/A/Frameworks/SpeechSynthesis.framework/Versions/A/SpeechSynthesis
0x00007fff2c1c6000 	/System/Library/Frameworks/ApplicationServices.framework/Versions/A/Frameworks/ATSUI.framework/Versions/A/ATSUI
0x00007fff65c60000 	/usr/lib/libcups.2.dylib
0x00007fff32912000 	/System/Library/Frameworks/Kerberos.framework/Versions/A/Kerberos
0x00007fff30a54000 	/System/Library/Frameworks/GSS.framework/Versions/A/GSS
0x00007fff66f9f000 	/usr/lib/libresolv.9.dylib
0x00007fff50a75000 	/System/Library/PrivateFrameworks/Heimdal.framework/Versions/A/Heimdal
0x00007fff32925000 	/System/Library/Frameworks/Kerberos.framework/Versions/A/Libraries/libHeimdalProxy.dylib
0x00007fff65e07000 	/usr/lib/libheimdal-asn1.dylib
0x00007fff44d67000 	/System/Library/PrivateFrameworks/CommonAuth.framework/Versions/A/CommonAuth
0x00007fff41fb6000 	/System/Library/PrivateFrameworks/AssertionServices.framework/Versions/A/AssertionServices
0x00007fff42b59000 	/System/Library/PrivateFrameworks/AudioToolboxCore.framework/Versions/A/AudioToolboxCore
0x00007fff61c25000 	/System/Library/PrivateFrameworks/caulk.framework/Versions/A/caulk
0x00007fff43122000 	/System/Library/PrivateFrameworks/BaseBoard.framework/Versions/A/BaseBoard
0x00007fff5a270000 	/System/Library/PrivateFrameworks/RunningBoardServices.framework/Versions/A/RunningBoardServices
0x00007fff57281000 	/System/Library/PrivateFrameworks/PersistentConnection.framework/Versions/A/PersistentConnection
0x00007fff59c69000 	/System/Library/PrivateFrameworks/ProtocolBuffer.framework/Versions/A/ProtocolBuffer
0x00007fff44d8b000 	/System/Library/PrivateFrameworks/CommonUtilities.framework/Versions/A/CommonUtilities
0x00007fff432b0000 	/System/Library/PrivateFrameworks/Bom.framework/Versions/A/Bom
0x00007fff64a5b000 	/usr/lib/libAudioToolboxUtility.dylib
0x00007fff43080000 	/System/Library/PrivateFrameworks/Backup.framework/Versions/A/Backup
0x00007fff47e5d000 	/System/Library/PrivateFrameworks/CrashReporterSupport.framework/Versions/A/CrashReporterSupport
0x00007fff5bd02000 	/System/Library/PrivateFrameworks/Sharing.framework/Versions/A/Sharing
0x00007fff415c4000 	/System/Library/PrivateFrameworks/Apple80211.framework/Versions/A/Apple80211
0x00007fff42d9d000 	/System/Library/PrivateFrameworks/AuthKit.framework/Versions/A/AuthKit
0x00007fff47b6a000 	/System/Library/PrivateFrameworks/CoreUtils.framework/Versions/A/CoreUtils
0x00007fff2ffbd000 	/System/Library/Frameworks/CoreWLAN.framework/Versions/A/CoreWLAN
0x00007fff30be1000 	/System/Library/Frameworks/IOBluetooth.framework/Versions/A/IOBluetooth
0x00007fff54e3c000 	/System/Library/PrivateFrameworks/MobileKeyBag.framework/Versions/A/MobileKeyBag
0x00007fff4696f000 	/System/Library/PrivateFrameworks/CorePhoneNumbers.framework/Versions/A/CorePhoneNumbers
0x00007fff419b4000 	/System/Library/PrivateFrameworks/AppleIDAuthSupport.framework/Versions/A/AppleIDAuthSupport
0x00007fff34913000 	/System/Library/Frameworks/Network.framework/Versions/A/Network
0x00007fff5350a000 	/System/Library/PrivateFrameworks/KeychainCircle.framework/Versions/A/KeychainCircle
0x00007fff2da0e000 	/System/Library/Frameworks/CoreBluetooth.framework/Versions/A/CoreBluetooth
0x00007fff5dd81000 	/System/Library/PrivateFrameworks/SpeechRecognitionCore.framework/Versions/A/SpeechRecognitionCore
0x0000000111200000 	/Library/Java/JavaVirtualMachines/jdk-11.0.8.jdk/Contents/Home/lib/server/libjvm.dylib
0x000000010f8fc000 	/Library/Java/JavaVirtualMachines/jdk-11.0.8.jdk/Contents/Home/lib/libverify.dylib
0x000000010f90c000 	/Library/Java/JavaVirtualMachines/jdk-11.0.8.jdk/Contents/Home/lib/libjava.dylib
0x000000010f939000 	/Library/Java/JavaVirtualMachines/jdk-11.0.8.jdk/Contents/Home/lib/libjimage.dylib
0x000000010f98f000 	/Library/Java/JavaVirtualMachines/jdk-11.0.8.jdk/Contents/Home/lib/libzip.dylib
0x000000010f9ca000 	/Library/Java/JavaVirtualMachines/jdk-11.0.8.jdk/Contents/Home/lib/libnio.dylib
0x000000010f9dc000 	/Library/Java/JavaVirtualMachines/jdk-11.0.8.jdk/Contents/Home/lib/libnet.dylib
0x000000011239b000 	/Users/weidongwang/Library/Application Support/Code/User/globalStorage/redhat.java/0.65.0/config_mac/org.eclipse.equinox.launcher/org.eclipse.equinox.launcher.cocoa.macosx.x86_64_1.1.1200.v20200508-1552/eclipse_1902.so
0x00007fff47388000 	/System/Library/PrivateFrameworks/CoreServicesInternal.framework/Versions/A/CoreServicesInternal
0x00007fff304dc000 	/System/Library/Frameworks/FileProvider.framework/Versions/A/FileProvider
0x00007fff2b06f000 	/System/Library/Frameworks/Accounts.framework/Versions/A/Accounts
0x00007fff4f774000 	/System/Library/PrivateFrameworks/GenerationalStorage.framework/Versions/A/GenerationalStorage
0x00007fff4790f000 	/System/Library/PrivateFrameworks/CoreSymbolication.framework/Versions/A/CoreSymbolication
0x00007fff5e5c3000 	/System/Library/PrivateFrameworks/SymptomDiagnosticReporter.framework/Versions/A/SymptomDiagnosticReporter
0x00007fff410c8000 	/System/Library/PrivateFrameworks/AppContainer.framework/Versions/A/AppContainer
0x00007fff66fb9000 	/usr/lib/libsandbox.1.dylib
0x00007fff5ff1b000 	/System/Library/PrivateFrameworks/UserManagement.framework/Versions/A/UserManagement
0x00007fff43e6c000 	/System/Library/PrivateFrameworks/ChunkingLibrary.framework/Versions/A/ChunkingLibrary
0x00007fff48091000 	/System/Library/PrivateFrameworks/DebugSymbols.framework/Versions/A/DebugSymbols
0x00007fff4113a000 	/System/Library/PrivateFrameworks/AppSandbox.framework/Versions/A/AppSandbox
0x00007fff5bb8c000 	/System/Library/PrivateFrameworks/SecCodeWrapper.framework/Versions/A/SecCodeWrapper
0x00007fff64e70000 	/usr/lib/libMatch.1.dylib
0x00007fff60ce7000 	/System/Library/PrivateFrameworks/ViewBridge.framework/Versions/A/ViewBridge
0x0000000139935000 	/Library/Java/JavaVirtualMachines/jdk-11.0.8.jdk/Contents/Home/lib/libsunec.dylib
0x000000013a75f000 	/Library/Java/JavaVirtualMachines/jdk-11.0.8.jdk/Contents/Home/lib/libextnet.dylib


VM Arguments:
jvm_args: --add-modules=ALL-SYSTEM --add-opens=java.base/java.util=ALL-UNNAMED --add-opens=java.base/java.lang=ALL-UNNAMED -Declipse.application=org.eclipse.jdt.ls.core.id1 -Dosgi.bundles.defaultStartLevel=4 -Declipse.product=org.eclipse.jdt.ls.core.product -Dfile.encoding=utf8 -XX:+UseParallelGC -XX:GCTimeRatio=4 -XX:AdaptiveSizePolicyWeight=90 -Dsun.zip.disableMemoryMapping=true -Xmx1G -Xms100m -Xverify:none 
java_command: /Users/weidongwang/.vscode/extensions/redhat.java-0.65.0/server/plugins/org.eclipse.equinox.launcher_1.5.700.v20200207-2156.jar -configuration /Users/weidongwang/Library/Application Support/Code/User/globalStorage/redhat.java/0.65.0/config_mac -data /Users/weidongwang/Library/Application Support/Code/User/workspaceStorage/341c7d39eca26e5d01742ce3702b4779/redhat.java/jdt_ws
java_class_path (initial): /Users/weidongwang/.vscode/extensions/redhat.java-0.65.0/server/plugins/org.eclipse.equinox.launcher_1.5.700.v20200207-2156.jar
Launcher Type: SUN_STANDARD

[Global flags]
    uintx AdaptiveSizePolicyWeight                 = 90                                        {product} {command line}
     bool BytecodeVerificationLocal                = false                                     {product} {command line}
     bool BytecodeVerificationRemote               = false                                     {product} {command line}
     intx CICompilerCount                          = 4                                         {product} {ergonomic}
    uintx GCTimeRatio                              = 4                                         {product} {command line}
   size_t InitialHeapSize                          = 104857600                                 {product} {command line}
   size_t MaxHeapSize                              = 1073741824                                {product} {command line}
   size_t MaxNewSize                               = 357564416                                 {product} {ergonomic}
   size_t MinHeapDeltaBytes                        = 524288                                    {product} {ergonomic}
   size_t NewSize                                  = 34603008                                  {product} {ergonomic}
    uintx NonNMethodCodeHeapSize                   = 5836300                                {pd product} {ergonomic}
    uintx NonProfiledCodeHeapSize                  = 122910970                              {pd product} {ergonomic}
   size_t OldSize                                  = 70254592                                  {product} {ergonomic}
    uintx ProfiledCodeHeapSize                     = 122910970                              {pd product} {ergonomic}
    uintx ReservedCodeCacheSize                    = 251658240                              {pd product} {ergonomic}
     bool SegmentedCodeCache                       = true                                      {product} {ergonomic}
     bool UseCompressedClassPointers               = true                                 {lp64_product} {ergonomic}
     bool UseCompressedOops                        = true                                 {lp64_product} {ergonomic}
     bool UseParallelGC                            = true                                      {product} {command line}

Logging:
Log output configuration:
 #0: stdout all=warning uptime,level,tags
 #1: stderr all=off uptime,level,tags

Environment Variables:
JAVA_HOME=/Library/Java/JavaVirtualMachines/jdk1.8.0_221.jdk/Contents/Home
PATH=/Library/PostgreSQL/11/bin:/Library/Frameworks/Python.framework/Versions/3.8/bin:/usr/local/mysql/bin:/Library/Frameworks/Python.framework/Versions/3.7/bin:/Users/weidongwang/apache-maven-3.6.3/bin:/usr/local/bin:/usr/bin:/bin:/usr/sbin:/sbin:/usr/local/go/bin:/Library/Apple/usr/bin
SHELL=/bin/bash

Signal Handlers:
SIGSEGV: [libjvm.dylib+0x786954], sa_mask[0]=11111111011111110111111111111111, sa_flags=SA_ONSTACK|SA_RESTART|SA_SIGINFO
SIGBUS: [libjvm.dylib+0x786954], sa_mask[0]=11111111011111110111111111111111, sa_flags=SA_RESTART|SA_SIGINFO
SIGFPE: [libjvm.dylib+0x786954], sa_mask[0]=11111111011111110111111111111111, sa_flags=SA_RESTART|SA_SIGINFO
SIGPIPE: [libjvm.dylib+0x637ecb], sa_mask[0]=11111111011111110111111111111111, sa_flags=SA_RESTART|SA_SIGINFO
SIGXFSZ: [libjvm.dylib+0x637ecb], sa_mask[0]=11111111011111110111111111111111, sa_flags=SA_RESTART|SA_SIGINFO
SIGILL: [libjvm.dylib+0x786954], sa_mask[0]=11111111011111110111111111111111, sa_flags=SA_RESTART|SA_SIGINFO
SIGUSR2: [libjvm.dylib+0x6384b5], sa_mask[0]=00000000000000000000000000000000, sa_flags=SA_RESTART|SA_SIGINFO
SIGHUP: [libjvm.dylib+0x636f13], sa_mask[0]=11111111011111110111111111111111, sa_flags=SA_RESTART|SA_SIGINFO
SIGINT: [libjvm.dylib+0x636f13], sa_mask[0]=11111111011111110111111111111111, sa_flags=SA_RESTART|SA_SIGINFO
SIGTERM: [libjvm.dylib+0x636f13], sa_mask[0]=11111111011111110111111111111111, sa_flags=SA_RESTART|SA_SIGINFO
SIGQUIT: [libjvm.dylib+0x636f13], sa_mask[0]=11111111011111110111111111111111, sa_flags=SA_RESTART|SA_SIGINFO


---------------  S Y S T E M  ---------------

OS:uname:Darwin 19.6.0 Darwin Kernel Version 19.6.0: Sun Jul  5 00:43:10 PDT 2020; root:xnu-6153.141.1~9/RELEASE_X86_64 x86_64
rlimit: STACK 8192k, CORE 0k, NPROC 2784, NOFILE 10240, AS infinity, DATA infinity, FSIZE infinity
load average:3.47 2.65 2.42

CPU:total 12 (initial active 12) (6 cores per cpu, 2 threads per core) family 6 model 158 stepping 10, cmov, cx8, fxsr, mmx, sse, sse2, sse3, ssse3, sse4.1, sse4.2, popcnt, avx, avx2, aes, clmul, erms, 3dnowpref, lzcnt, ht, tsc, tscinvbit, bmi1, bmi2, adx, fma

Memory: 4k page, physical 16777216k(200208k free)

vm_info: Java HotSpot(TM) 64-Bit Server VM (11.0.8+10-LTS) for bsd-amd64 JRE (11.0.8+10-LTS), built on Jun 16 2020 04:52:58 by "mach5one" with gcc 4.2.1 Compatible Apple LLVM 10.0.0 (clang-1000.11.45.5)

END.
